<?xml version="1.0" encoding="UTF-8"?>
<!-- Generated by org.testng.reporters.JUnitReportReporter -->
<testsuite skipped="0" hostname="DESKTOP-PH4LVPT" name="com.learningwebtable.VtigerContacts" tests="1" failures="0" timestamp="2020-10-13T23:34:35 PDT" time="35.961" errors="0">
  <testcase name="dynamicWebtable" time="35.961" classname="com.learningwebtable.VtigerContacts"/>
  <system-out/>
</testsuite> <!-- com.learningwebtable.VtigerContacts -->
