<?xml version="1.0" encoding="UTF-8"?>
<!-- Generated by org.testng.reporters.JUnitReportReporter -->
<testsuite skipped="0" hostname="DESKTOP-PH4LVPT" name="com.actiTime.scripts.DemoA" tests="1" failures="0" timestamp="09 Sep 2020 04:03:40 GMT" time="10.078" errors="0">
  <testcase name="testBrowser" time="10.078" classname="com.actiTime.scripts.DemoA"/>
</testsuite> <!-- com.actiTime.scripts.DemoA -->
